[    0.000000] Linux version 4.15.0-212-generic (buildd@lcy02-amd64-083) (gcc version 7.5.0 (Ubuntu 7.5.0-3ubuntu1~18.04)) #223-Ubuntu SMP Tue May 23 13:09:22 UTC 2023 (Ubuntu 4.15.0-212.223-generic 4.15.18)
[    0.000000] Command line: BOOT_IMAGE=/boot/vmlinuz-4.15.0-212-generic root=LABEL=cloudimg-rootfs ro console=tty1 console=ttyS0
[    0.000000] KERNEL supported cpus:
[    0.000000]   Intel GenuineIntel
[    0.000000]   AMD AuthenticAMD
[    0.000000]   Centaur CentaurHauls
[    0.000000] x86/fpu: x87 FPU will use FXSAVE
[    0.000000] e820: BIOS-provided physical RAM map:
[    0.000000] BIOS-e820: [mem 0x0000000000000000-0x000000000009fbff] usable
[    0.000000] BIOS-e820: [mem 0x000000000009fc00-0x000000000009ffff] reserved
[    0.000000] BIOS-e820: [mem 0x00000000000f0000-0x00000000000fffff] reserved
[    0.000000] BIOS-e820: [mem 0x0000000000100000-0x000000001ffeffff] usable
[    0.000000] BIOS-e820: [mem 0x000000001fff0000-0x000000001fffffff] ACPI data
[    0.000000] BIOS-e820: [mem 0x00000000fec00000-0x00000000fec00fff] reserved
[    0.000000] BIOS-e820: [mem 0x00000000fee00000-0x00000000fee00fff] reserved
[    0.000000] BIOS-e820: [mem 0x00000000fffc0000-0x00000000ffffffff] reserved
[    0.000000] NX (Execute Disable) protection: active
[    0.000000] SMBIOS 2.5 present.
[    0.000000] DMI: innotek GmbH VirtualBox/VirtualBox, BIOS VirtualBox 12/01/2006
[    0.000000] Hypervisor detected: KVM
[    0.000000] e820: last_pfn = 0x1fff0 max_arch_pfn = 0x400000000
[    0.000000] MTRR: Disabled
[    0.000000] x86/PAT: MTRRs disabled, skipping PAT initialization too.
[    0.000000] CPU MTRRs all blank - virtualized system.
[    0.000000] x86/PAT: Configuration [0-7]: WB  WT  UC- UC  WB  WT  UC- UC  
[    0.000000] found SMP MP-table at [mem 0x0009fff0-0x0009ffff]
[    0.000000] Scanning 1 areas for low memory corruption
[    0.000000] RAMDISK: [mem 0x1db01000-0x1ee12fff]
[    0.000000] ACPI: Early table checksum verification disabled
[    0.000000] ACPI: RSDP 0x00000000000E0000 000024 (v02 VBOX  )
[    0.000000] ACPI: XSDT 0x000000001FFF0030 00003C (v01 VBOX   VBOXXSDT 00000001 ASL  00000061)
[    0.000000] ACPI: FACP 0x000000001FFF00F0 0000F4 (v04 VBOX   VBOXFACP 00000001 ASL  00000061)
[    0.000000] ACPI: DSDT 0x000000001FFF0610 002353 (v02 VBOX   VBOXBIOS 00000002 INTL 20100528)
[    0.000000] ACPI: FACS 0x000000001FFF0200 000040
[    0.000000] ACPI: FACS 0x000000001FFF0200 000040
[    0.000000] ACPI: APIC 0x000000001FFF0240 00005C (v02 VBOX   VBOXAPIC 00000001 ASL  00000061)
[    0.000000] ACPI: SSDT 0x000000001FFF02A0 00036C (v01 VBOX   VBOXCPUT 00000002 INTL 20100528)
[    0.000000] ACPI: Reserving FACP table memory at [mem 0x1fff00f0-0x1fff01e3]
[    0.000000] ACPI: Reserving DSDT table memory at [mem 0x1fff0610-0x1fff2962]
[    0.000000] ACPI: Reserving FACS table memory at [mem 0x1fff0200-0x1fff023f]
[    0.000000] ACPI: Reserving FACS table memory at [mem 0x1fff0200-0x1fff023f]
[    0.000000] ACPI: Reserving APIC table memory at [mem 0x1fff0240-0x1fff029b]
[    0.000000] ACPI: Reserving SSDT table memory at [mem 0x1fff02a0-0x1fff060b]
[    0.000000] No NUMA configuration found
[    0.000000] Faking a node at [mem 0x0000000000000000-0x000000001ffeffff]
[    0.000000] NODE_DATA(0) allocated [mem 0x1ffc5000-0x1ffeffff]
[    0.000000] kvm-clock: cpu 0, msr 0:1ff44001, primary cpu clock
[    0.000000] kvm-clock: Using msrs 4b564d01 and 4b564d00
[    0.000000] kvm-clock: using sched offset of 5291603343 cycles
[    0.000000] clocksource: kvm-clock: mask: 0xffffffffffffffff max_cycles: 0x1cd42e4dffb, max_idle_ns: 881590591483 ns
[    0.000000] Zone ranges:
[    0.000000]   DMA      [mem 0x0000000000001000-0x0000000000ffffff]
[    0.000000]   DMA32    [mem 0x0000000001000000-0x000000001ffeffff]
[    0.000000]   Normal   empty
[    0.000000]   Device   empty
[    0.000000] Movable zone start for each node
[    0.000000] Early memory node ranges
[    0.000000]   node   0: [mem 0x0000000000001000-0x000000000009efff]
[    0.000000]   node   0: [mem 0x0000000000100000-0x000000001ffeffff]
[    0.000000] Reserved but unavailable: 104 pages
[    0.000000] Initmem setup node 0 [mem 0x0000000000001000-0x000000001ffeffff]
[    0.000000] ACPI: PM-Timer IO Port: 0x4008
[    0.000000] IOAPIC[0]: apic_id 2, version 32, address 0xfec00000, GSI 0-23
[    0.000000] ACPI: INT_SRC_OVR (bus 0 bus_irq 0 global_irq 2 dfl dfl)
[    0.000000] ACPI: INT_SRC_OVR (bus 0 bus_irq 9 global_irq 9 low level)
[    0.000000] Using ACPI (MADT) for SMP configuration information
[    0.000000] smpboot: Allowing 2 CPUs, 0 hotplug CPUs
[    0.000000] PM: Registered nosave memory: [mem 0x00000000-0x00000fff]
[    0.000000] PM: Registered nosave memory: [mem 0x0009f000-0x0009ffff]
[    0.000000] PM: Registered nosave memory: [mem 0x000a0000-0x000effff]
[    0.000000] PM: Registered nosave memory: [mem 0x000f0000-0x000fffff]
[    0.000000] e820: [mem 0x20000000-0xfebfffff] available for PCI devices
[    0.000000] Booting paravirtualized kernel on KVM
[    0.000000] clocksource: refined-jiffies: mask: 0xffffffff max_cycles: 0xffffffff, max_idle_ns: 7645519600211568 ns
[    0.000000] setup_percpu: NR_CPUS:8192 nr_cpumask_bits:2 nr_cpu_ids:2 nr_node_ids:1
[    0.000000] percpu: Embedded 50 pages/cpu s167936 r8192 d28672 u1048576
[    0.000000] PV qspinlock hash table entries: 256 (order: 0, 4096 bytes)
[    0.000000] Built 1 zonelists, mobility grouping on.  Total pages: 128889
[    0.000000] Policy zone: DMA32
[    0.000000] Kernel command line: BOOT_IMAGE=/boot/vmlinuz-4.15.0-212-generic root=LABEL=cloudimg-rootfs ro console=tty1 console=ttyS0
[    0.000000] Memory: 466548K/523832K available (12300K kernel code, 2477K rwdata, 4324K rodata, 2480K init, 2720K bss, 57284K reserved, 0K cma-reserved)
[    0.000000] SLUB: HWalign=64, Order=0-3, MinObjects=0, CPUs=2, Nodes=1
[    0.000000] Kernel/User page tables isolation: enabled
[    0.000000] ftrace: allocating 39508 entries in 155 pages
[    0.004000] Hierarchical RCU implementation.
[    0.004000] 	RCU restricting CPUs from NR_CPUS=8192 to nr_cpu_ids=2.
[    0.004000] 	Tasks RCU enabled.
[    0.004000] RCU: Adjusting geometry for rcu_fanout_leaf=16, nr_cpu_ids=2
[    0.004000] NR_IRQS: 524544, nr_irqs: 440, preallocated irqs: 16
[    0.004000] random: crng init done
[    0.004000] Console: colour VGA+ 80x25
[    0.004000] console [tty1] enabled
[    0.004000] console [ttyS0] enabled
[    0.004000] ACPI: Core revision 20170831
[    0.004000] ACPI: 2 ACPI AML tables successfully acquired and loaded
[    0.004000] APIC: Switch to symmetric I/O mode setup
[    0.004000] ..TIMER: vector=0x30 apic1=0 pin1=2 apic2=-1 pin2=-1
[    0.004008] tsc: Detected 2194.918 MHz processor
[    0.008013] Calibrating delay loop (skipped) preset value.. 4389.83 BogoMIPS (lpj=8779672)
[    0.012008] pid_max: default: 32768 minimum: 301
[    0.016051] Security Framework initialized
[    0.024006] Yama: becoming mindful.
[    0.028039] AppArmor: AppArmor initialized
[    0.032116] Dentry cache hash table entries: 65536 (order: 7, 524288 bytes)
[    0.036052] Inode-cache hash table entries: 32768 (order: 6, 262144 bytes)
[    0.040027] Mount-cache hash table entries: 1024 (order: 1, 8192 bytes)
[    0.044027] Mountpoint-cache hash table entries: 1024 (order: 1, 8192 bytes)
[    0.052629] Last level iTLB entries: 4KB 64, 2MB 8, 4MB 8
[    0.056010] Last level dTLB entries: 4KB 64, 2MB 0, 4MB 0, 1GB 4
[    0.060010] Spectre V1 : Mitigation: usercopy/swapgs barriers and __user pointer sanitization
[    0.064021] Spectre V2 : Mitigation: Retpolines
[    0.068008] Spectre V2 : Spectre v2 / SpectreRSB mitigation: Filling RSB on context switch
[    0.072008] Spectre V2 : Spectre v2 / SpectreRSB : Filling RSB on VMEXIT
[    0.076025] Speculative Store Bypass: Vulnerable
[    0.080074] MDS: Mitigation: Clear CPU buffers
[    0.084007] MMIO Stale Data: Unknown: No mitigations
[    0.088011] SRBDS: Unknown: Dependent on hypervisor status
[    0.096384] Freeing SMP alternatives memory: 36K
[    0.224898] APIC calibration not consistent with PM-Timer: 120ms instead of 100ms
[    0.228000] APIC delta adjusted to PM-Timer: 6256939 (7569702)
[    0.229246] smpboot: CPU0: Intel(R) Core(TM) i5-5200U CPU @ 2.20GHz (family: 0x6, model: 0x3d, stepping: 0x4)
[    0.232177] Performance Events: unsupported p6 CPU model 61 no PMU driver, software events only.
[    0.236200] Hierarchical SRCU implementation.
[    0.241270] NMI watchdog: Perf event create on CPU 0 failed with -2
[    0.244008] NMI watchdog: Perf NMI watchdog permanently disabled
[    0.248096] smp: Bringing up secondary CPUs ...
[    0.252139] x86: Booting SMP configuration:
[    0.256008] .... node  #0, CPUs:      #1
[    0.004000] kvm-clock: cpu 1, msr 0:1ff44041, secondary cpu clock
[    0.282076] TSC synchronization [CPU#0 -> CPU#1]:
[    0.284000] Measured 108064 cycles TSC warp between CPUs, turning off TSC clock.
[    0.284000] tsc: Marking TSC unstable due to check_tsc_sync_source failed
[    0.288888] smp: Brought up 1 node, 2 CPUs
[    0.292019] smpboot: Max logical packages: 1
[    0.300014] smpboot: Total of 2 processors activated (8779.67 BogoMIPS)
[    0.308739] devtmpfs: initialized
[    0.312124] x86/mm: Memory block size: 128MB
[    0.316247] evm: security.selinux
[    0.320009] evm: security.SMACK64
[    0.324010] evm: security.SMACK64EXEC
[    0.328009] evm: security.SMACK64TRANSMUTE
[    0.332009] evm: security.SMACK64MMAP
[    0.336009] evm: security.apparmor
[    0.340009] evm: security.ima
[    0.344235] evm: security.capability
[    0.352502] clocksource: jiffies: mask: 0xffffffff max_cycles: 0xffffffff, max_idle_ns: 7645041785100000 ns
[    0.356026] futex hash table entries: 512 (order: 3, 32768 bytes)
[    0.360082] pinctrl core: initialized pinctrl subsystem
[    0.364882] RTC time: 13:28:12, date: 07/25/24
[    0.369667] NET: Registered protocol family 16
[    0.372159] audit: initializing netlink subsys (disabled)
[    0.376299] audit: type=2000 audit(1721914097.568:1): state=initialized audit_enabled=0 res=1
[    0.400015] cpuidle: using governor ladder
[    0.404027] cpuidle: using governor menu
[    0.408067] ACPI: bus type PCI registered
[    0.412009] acpiphp: ACPI Hot Plug PCI Controller Driver version: 0.5
[    0.416681] PCI: Using configuration type 1 for base access
[    0.432253] HugeTLB registered 2.00 MiB page size, pre-allocated 0 pages
[    0.444015] ACPI: Added _OSI(Module Device)
[    0.456012] ACPI: Added _OSI(Processor Device)
[    0.472011] ACPI: Added _OSI(3.0 _SCP Extensions)
[    0.488009] ACPI: Added _OSI(Processor Aggregator Device)
[    0.500018] ACPI: Added _OSI(Linux-Dell-Video)
[    0.508013] ACPI: Added _OSI(Linux-Lenovo-NV-HDMI-Audio)
[    0.524014] ACPI: Added _OSI(Linux-HPI-Hybrid-Graphics)
[    0.533859] ACPI: Executed 1 blocks of module-level executable AML code
[    0.558382] ACPI: Interpreter enabled
[    0.568037] ACPI: (supports S0 S5)
[    0.576008] ACPI: Using IOAPIC for interrupt routing
[    0.588722] PCI: Using host bridge windows from ACPI; if necessary, use "pci=nocrs" and report a bug
[    0.608611] ACPI: Enabled 2 GPEs in block 00 to 07
[    0.638355] ACPI: PCI Root Bridge [PCI0] (domain 0000 [bus 00-ff])
[    0.652025] acpi PNP0A03:00: _OSC: OS supports [ASPM ClockPM Segments MSI]
[    0.665450] acpi PNP0A03:00: _OSC: not requesting OS control; OS requires [ExtendedConfig ASPM ClockPM MSI]
[    0.684030] acpi PNP0A03:00: fail to add MMCONFIG information, can't access extended PCI configuration space under this bridge.
[    0.709020] PCI host bridge to bus 0000:00
[    0.720014] pci_bus 0000:00: root bus resource [io  0x0000-0x0cf7 window]
[    0.736013] pci_bus 0000:00: root bus resource [io  0x0d00-0xffff window]
[    0.748015] pci_bus 0000:00: root bus resource [mem 0x000a0000-0x000bffff window]
[    0.764024] pci_bus 0000:00: root bus resource [mem 0x20000000-0xfdffffff window]
[    0.780012] pci_bus 0000:00: root bus resource [bus 00-ff]
[    0.801984] pci 0000:00:01.1: legacy IDE quirk: reg 0x10: [io  0x01f0-0x01f7]
[    0.812034] pci 0000:00:01.1: legacy IDE quirk: reg 0x14: [io  0x03f6]
[    0.828010] pci 0000:00:01.1: legacy IDE quirk: reg 0x18: [io  0x0170-0x0177]
[    0.840009] pci 0000:00:01.1: legacy IDE quirk: reg 0x1c: [io  0x0376]
[    0.885654] pci 0000:00:07.0: quirk: [io  0x4000-0x403f] claimed by PIIX4 ACPI
[    0.900078] pci 0000:00:07.0: quirk: [io  0x4100-0x410f] claimed by PIIX4 SMB
[    0.931389] ACPI: PCI Interrupt Link [LNKA] (IRQs 5 9 10 *11)
[    0.945020] ACPI: PCI Interrupt Link [LNKB] (IRQs 5 9 *10 11)
[    0.956382] ACPI: PCI Interrupt Link [LNKC] (IRQs 5 *9 10 11)
[    0.964364] ACPI: PCI Interrupt Link [LNKD] (IRQs 5 9 10 *11)
[    0.977109] SCSI subsystem initialized
[    0.984375] pci 0000:00:02.0: vgaarb: setting as boot VGA device
[    0.988000] pci 0000:00:02.0: vgaarb: VGA device added: decodes=io+mem,owns=io+mem,locks=none
[    1.012012] pci 0000:00:02.0: vgaarb: bridge control possible
[    1.024007] vgaarb: loaded
[    1.028088] ACPI: bus type USB registered
[    1.036035] usbcore: registered new interface driver usbfs
[    1.048070] usbcore: registered new interface driver hub
[    1.056026] usbcore: registered new device driver usb
[    1.068235] EDAC MC: Ver: 3.0.0
[    1.077296] PCI: Using ACPI for IRQ routing
[    1.085573] NetLabel: Initializing
[    1.092006] NetLabel:  domain hash size = 128
[    1.100008] NetLabel:  protocols = UNLABELED CIPSOv4 CALIPSO
[    1.112261] NetLabel:  unlabeled traffic allowed by default
[    1.128417] clocksource: Switched to clocksource kvm-clock
[    1.211686] VFS: Disk quotas dquot_6.6.0
[    1.220176] VFS: Dquot-cache hash table entries: 512 (order 0, 4096 bytes)
[    1.232846] AppArmor: AppArmor Filesystem Enabled
[    1.241711] pnp: PnP ACPI init
[    1.251537] pnp: PnP ACPI: found 3 devices
[    1.269239] clocksource: acpi_pm: mask: 0xffffff max_cycles: 0xffffff, max_idle_ns: 2085701024 ns
[    1.284375] NET: Registered protocol family 2
[    1.292880] IP idents hash table entries: 8192 (order: 4, 65536 bytes)
[    1.306543] TCP established hash table entries: 4096 (order: 3, 32768 bytes)
[    1.323799] TCP bind hash table entries: 4096 (order: 4, 65536 bytes)
[    1.338343] TCP: Hash tables configured (established 4096 bind 4096)
[    1.354094] UDP hash table entries: 256 (order: 1, 8192 bytes)
[    1.367649] UDP-Lite hash table entries: 256 (order: 1, 8192 bytes)
[    1.381106] NET: Registered protocol family 1
[    1.391374] pci 0000:00:00.0: Limiting direct PCI/PCI transfers
[    1.404384] pci 0000:00:01.0: Activating ISA DMA hang workarounds
[    1.417595] pci 0000:00:02.0: Video device with shadowed ROM at [mem 0x000c0000-0x000dffff]
[    1.433883] Unpacking initramfs...
[    1.845281] Freeing initrd memory: 19528K
[    2.672563] clocksource: tsc: mask: 0xffffffffffffffff max_cycles: 0x1fa37202099, max_idle_ns: 440795206796 ns
[    2.697947] platform rtc_cmos: registered platform RTC device (no PNP device found)
[    2.712502] Scanning for low memory corruption every 60 seconds
[    2.728108] Initialise system trusted keyrings
[    2.736887] Key type blacklist registered
[    2.746022] workingset: timestamp_bits=36 max_order=17 bucket_order=0
[    2.760719] zbud: loaded
[    2.769421] squashfs: version 4.0 (2009/01/31) Phillip Lougher
[    2.781181] fuse init (API version 7.26)
[    2.821079] Key type asymmetric registered
[    2.829303] Asymmetric key parser 'x509' registered
[    2.838333] Block layer SCSI generic (bsg) driver version 0.4 loaded (major 246)
[    2.852655] io scheduler noop registered
[    2.860172] io scheduler deadline registered
[    2.868372] io scheduler cfq registered (default)
[    2.878418] ACPI: AC Adapter [AC] (on-line)
[    2.886627] input: Power Button as /devices/LNXSYSTM:00/LNXPWRBN:00/input/input0
[    2.900656] ACPI: Power Button [PWRF]
[    2.908479] input: Sleep Button as /devices/LNXSYSTM:00/LNXSLPBN:00/input/input1
[    2.920936] ACPI: Sleep Button [SLPF]
[    2.928568] Serial: 8250/16550 driver, 32 ports, IRQ sharing enabled
[    2.931894] ACPI: Battery Slot [BAT0] (battery present)
[    2.996682] 00:02: ttyS0 at I/O 0x3f8 (irq = 4, base_baud = 115200) is a 16550A
[    3.098293] Linux agpgart interface v0.103
[    3.124785] loop: module loaded
[    3.154899] scsi host0: ata_piix
[    3.168374] scsi host1: ata_piix
[    3.179432] ata1: PATA max UDMA/33 cmd 0x1f0 ctl 0x3f6 bmdma 0xd000 irq 14
[    3.201241] ata2: PATA max UDMA/33 cmd 0x170 ctl 0x376 bmdma 0xd008 irq 15
[    3.222108] tun: Universal TUN/TAP device driver, 1.6
[    3.238025] PPP generic driver version 2.4.2
[    3.246326] ehci_hcd: USB 2.0 'Enhanced' Host Controller (EHCI) Driver
[    3.257056] ehci-pci: EHCI PCI platform driver
[    3.265739] ehci-platform: EHCI generic platform driver
[    3.269629] ohci_hcd: USB 1.1 'Open' Host Controller (OHCI) Driver
[    3.269629] ohci-pci: OHCI PCI platform driver
[    3.269629] ohci-platform: OHCI generic platform driver
[    3.269629] uhci_hcd: USB Universal Host Controller Interface driver
[    3.269629] i8042: PNP: PS/2 Controller [PNP0303:PS2K,PNP0f03:PS2M] at 0x60,0x64 irq 1,12
[    3.269629] serio: i8042 KBD port at 0x60,0x64 irq 1
[    3.269629] serio: i8042 AUX port at 0x60,0x64 irq 12
[    3.346577] mousedev: PS/2 mouse device common for all mice
[    3.361389] rtc_cmos rtc_cmos: rtc core: registered rtc_cmos as rtc0
[    3.373775] rtc_cmos rtc_cmos: alarms up to one day, 114 bytes nvram
[    3.384876] i2c /dev entries driver
[    3.393898] device-mapper: uevent: version 1.0.3
[    3.432884] input: AT Translated Set 2 keyboard as /devices/platform/i8042/serio0/input/input2
[    3.453536] device-mapper: ioctl: 4.37.0-ioctl (2017-09-20) initialised: dm-devel@redhat.com
[    3.491075] ledtrig-cpu: registered to indicate activity on CPUs
[    3.507431] NET: Registered protocol family 10
[    3.533220] Segment Routing with IPv6
[    3.539563] NET: Registered protocol family 17
[    3.548446] Key type dns_resolver registered
[    3.556783] mce: Using 0 MCE banks
[    3.563139] RAS: Correctable Errors collector initialized.
[    3.572426] sched_clock: Marking stable (3572279970, 0)->(5297306581, -1725026611)
[    3.597826] registered taskstats version 1
[    3.607951] Loading compiled-in X.509 certificates
[    3.632362] Loaded X.509 cert 'Build time autogenerated kernel key: b5b26778eaa3ab3a4a6cee031137706e947d12ad'
[    3.655584] Loaded X.509 cert 'Canonical Ltd. Live Patch Signing: 14df34d1a87cf37625abec039ef2bf521249b969'
[    3.681058] Loaded X.509 cert 'Canonical Ltd. Kernel Module Signing: 88f752e560a1e0737e31163a466ad7b70a850c19'
[    3.706280] blacklist: Loading compiled-in revocation X.509 certificates
[    3.732685] Loaded X.509 cert 'Canonical Ltd. Secure Boot Signing: 61482aa2830d0ab2ad5af10b7250da9033ddcef0'
[    3.782939] Loaded X.509 cert 'Canonical Ltd. Secure Boot Signing (2017): 242ade75ac4a15e50d50c84b0d45ff3eae707a03'
[    3.809409] Loaded X.509 cert 'Canonical Ltd. Secure Boot Signing (ESM 2018): 365188c1d374d6b07c3c8f240f8ef722433d6a8b'
[    3.833463] Loaded X.509 cert 'Canonical Ltd. Secure Boot Signing (2019): c0746fd6c5da3ae827864651ad66ae47fe24b3e8'
[    3.859924] Loaded X.509 cert 'Canonical Ltd. Secure Boot Signing (2021 v1): a8d54bbb3825cfb94fa13c9f8a594a195c107b8d'
[    3.881277] Loaded X.509 cert 'Canonical Ltd. Secure Boot Signing (2021 v2): 4cf046892d6fd3c9a5b03f98d845f90851dc6a8c'
[    3.908296] Loaded X.509 cert 'Canonical Ltd. Secure Boot Signing (2021 v3): 100437bb6de6e469b581e61cd66bce3ef4ed53af'
[    3.928673] Loaded X.509 cert 'Canonical Ltd. Secure Boot Signing (Ubuntu Core 2019): c1d57b8f6b743f23ee41f4f7ee292f06eecadfb9'
[    3.951328] zswap: loaded using pool lzo/zbud
[    3.988004] Key type big_key registered
[    3.994574] Key type trusted registered
[    4.013081] Key type encrypted registered
[    4.021365] AppArmor: AppArmor sha1 policy hashing enabled
[    4.030354] ima: No TPM chip found, activating TPM-bypass! (rc=-19)
[    4.041927] ima: Allocated hash algorithm: sha1
[    4.049905] evm: HMAC attrs: 0x1
[    4.058443]   Magic number: 0:191:484
[    4.067487] rtc_cmos rtc_cmos: setting system clock to 2024-07-25 13:28:16 UTC (1721914096)
[    4.083450] BIOS EDD facility v0.16 2004-Jun-25, 0 devices found
[    4.095325] EDD information not available.
[    4.111616] Freeing unused kernel image memory: 2480K
[    4.265199] Write protecting the kernel read-only data: 20480k
[    4.280230] Freeing unused kernel image memory: 2008K
[    4.293924] Freeing unused kernel image memory: 1820K
[    4.319029] x86/mm: Checked W+X mappings: passed, no W+X pages found.
[    4.332636] x86/mm: Checking user space page tables
[    4.355427] x86/mm: Checked W+X mappings: passed, no W+X pages found.
Loading, please wait...
starting version 237
[    4.690610] Fusion MPT base driver 3.04.20
[    4.701297] Copyright (c) 1999-2008 LSI Corporation
[    4.737675] e1000: Intel(R) PRO/1000 Network Driver - version 7.3.21-k8-NAPI
[    4.758577] e1000: Copyright (c) 1999-2006 Intel Corporation.
[    4.977166] input: ImExPS/2 Generic Explorer Mouse as /devices/platform/i8042/serio1/input/input4
[    5.118098] Fusion MPT SPI Host driver 3.04.20
[    5.244683] SSE version of gcm_enc/dec engaged.
[    6.639513] e1000 0000:00:03.0 eth0: (PCI:33MHz:32-bit) 02:3b:7b:b7:3b:2d
[    6.653800] e1000 0000:00:03.0 eth0: Intel(R) PRO/1000 Network Connection
[    6.671944] mptbase: ioc0: Initiating bringup
[    6.796435] ioc0: LSI53C1030 A0: Capabilities={Initiator}
[    7.072951] scsi host2: ioc0: LSI53C1030 A0, FwRev=00000000h, Ports=1, MaxQ=256, IRQ=20
[    7.255841] scsi 2:0:0:0: Direct-Access     VBOX     HARDDISK         1.0  PQ: 0 ANSI: 5
[    7.306427] scsi target2:0:0: Beginning Domain Validation
[    7.343741] scsi target2:0:0: Domain Validation skipping write tests
[    7.359370] scsi target2:0:0: Ending Domain Validation
[    7.371161] scsi target2:0:0: asynchronous
[    7.390739] scsi 2:0:1:0: Direct-Access     VBOX     HARDDISK         1.0  PQ: 0 ANSI: 5
[    7.737858] scsi target2:0:1: Beginning Domain Validation
[    7.834784] scsi target2:0:1: Domain Validation skipping write tests
[    7.855421] scsi target2:0:1: Ending Domain Validation
[    7.873379] scsi target2:0:1: asynchronous
[    7.924922] sd 2:0:0:0: [sda] 83886080 512-byte logical blocks: (42.9 GB/40.0 GiB)
[    7.947450] sd 2:0:0:0: Attached scsi generic sg0 type 0
[    7.966949] sd 2:0:1:0: Attached scsi generic sg1 type 0
[    7.986383] sd 2:0:0:0: [sda] Write Protect is off
[    8.003627] sd 2:0:0:0: [sda] Incomplete mode parameter data
[    8.020951] sd 2:0:0:0: [sda] Assuming drive cache: write through
[    8.037444] sd 2:0:1:0: [sdb] 20480 512-byte logical blocks: (10.5 MB/10.0 MiB)
[    8.060416] sd 2:0:1:0: [sdb] Write Protect is off
[    8.069531]  sda: sda1
[    8.075870] sd 2:0:1:0: [sdb] Incomplete mode parameter data
[    8.085311] sd 2:0:1:0: [sdb] Assuming drive cache: write through
[    8.101610] sd 2:0:0:0: [sda] Attached SCSI disk
[    8.119777] sd 2:0:1:0: [sdb] Attached SCSI disk
[    8.588996] e1000 0000:00:08.0 eth1: (PCI:33MHz:32-bit) 08:00:27:05:4c:de
[    8.601665] e1000 0000:00:08.0 eth1: Intel(R) PRO/1000 Network Connection
[    8.618040] e1000 0000:00:08.0 enp0s8: renamed from eth1
[    8.647817] e1000 0000:00:03.0 enp0s3: renamed from eth0
