[    0.000000] Linux version 4.15.0-212-generic (buildd@lcy02-amd64-083) (gcc version 7.5.0 (Ubuntu 7.5.0-3ubuntu1~18.04)) #223-Ubuntu SMP Tue May 23 13:09:22 UTC 2023 (Ubuntu 4.15.0-212.223-generic 4.15.18)
[    0.000000] Command line: BOOT_IMAGE=/boot/vmlinuz-4.15.0-212-generic root=LABEL=cloudimg-rootfs ro console=tty1 console=ttyS0
[    0.000000] KERNEL supported cpus:
[    0.000000]   Intel GenuineIntel
[    0.000000]   AMD AuthenticAMD
[    0.000000]   Centaur CentaurHauls
[    0.000000] x86/fpu: x87 FPU will use FXSAVE
[    0.000000] e820: BIOS-provided physical RAM map:
[    0.000000] BIOS-e820: [mem 0x0000000000000000-0x000000000009fbff] usable
[    0.000000] BIOS-e820: [mem 0x000000000009fc00-0x000000000009ffff] reserved
[    0.000000] BIOS-e820: [mem 0x00000000000f0000-0x00000000000fffff] reserved
[    0.000000] BIOS-e820: [mem 0x0000000000100000-0x000000003ffeffff] usable
[    0.000000] BIOS-e820: [mem 0x000000003fff0000-0x000000003fffffff] ACPI data
[    0.000000] BIOS-e820: [mem 0x00000000fec00000-0x00000000fec00fff] reserved
[    0.000000] BIOS-e820: [mem 0x00000000fee00000-0x00000000fee00fff] reserved
[    0.000000] BIOS-e820: [mem 0x00000000fffc0000-0x00000000ffffffff] reserved
[    0.000000] NX (Execute Disable) protection: active
[    0.000000] SMBIOS 2.5 present.
[    0.000000] DMI: innotek GmbH VirtualBox/VirtualBox, BIOS VirtualBox 12/01/2006
[    0.000000] Hypervisor detected: KVM
[    0.000000] e820: last_pfn = 0x3fff0 max_arch_pfn = 0x400000000
[    0.000000] MTRR: Disabled
[    0.000000] x86/PAT: MTRRs disabled, skipping PAT initialization too.
[    0.000000] CPU MTRRs all blank - virtualized system.
[    0.000000] x86/PAT: Configuration [0-7]: WB  WT  UC- UC  WB  WT  UC- UC  
[    0.000000] found SMP MP-table at [mem 0x0009fff0-0x0009ffff]
[    0.000000] Scanning 1 areas for low memory corruption
[    0.000000] RAMDISK: [mem 0x359cb000-0x36cdcfff]
[    0.000000] ACPI: Early table checksum verification disabled
[    0.000000] ACPI: RSDP 0x00000000000E0000 000024 (v02 VBOX  )
[    0.000000] ACPI: XSDT 0x000000003FFF0030 00003C (v01 VBOX   VBOXXSDT 00000001 ASL  00000061)
[    0.000000] ACPI: FACP 0x000000003FFF00F0 0000F4 (v04 VBOX   VBOXFACP 00000001 ASL  00000061)
[    0.000000] ACPI: DSDT 0x000000003FFF0610 002353 (v02 VBOX   VBOXBIOS 00000002 INTL 20100528)
[    0.000000] ACPI: FACS 0x000000003FFF0200 000040
[    0.000000] ACPI: FACS 0x000000003FFF0200 000040
[    0.000000] ACPI: APIC 0x000000003FFF0240 00005C (v02 VBOX   VBOXAPIC 00000001 ASL  00000061)
[    0.000000] ACPI: SSDT 0x000000003FFF02A0 00036C (v01 VBOX   VBOXCPUT 00000002 INTL 20100528)
[    0.000000] ACPI: Reserving FACP table memory at [mem 0x3fff00f0-0x3fff01e3]
[    0.000000] ACPI: Reserving DSDT table memory at [mem 0x3fff0610-0x3fff2962]
[    0.000000] ACPI: Reserving FACS table memory at [mem 0x3fff0200-0x3fff023f]
[    0.000000] ACPI: Reserving FACS table memory at [mem 0x3fff0200-0x3fff023f]
[    0.000000] ACPI: Reserving APIC table memory at [mem 0x3fff0240-0x3fff029b]
[    0.000000] ACPI: Reserving SSDT table memory at [mem 0x3fff02a0-0x3fff060b]
[    0.000000] No NUMA configuration found
[    0.000000] Faking a node at [mem 0x0000000000000000-0x000000003ffeffff]
[    0.000000] NODE_DATA(0) allocated [mem 0x3ffc5000-0x3ffeffff]
[    0.000000] kvm-clock: cpu 0, msr 0:3ff44001, primary cpu clock
[    0.000000] kvm-clock: Using msrs 4b564d01 and 4b564d00
[    0.000000] kvm-clock: using sched offset of 6010025183 cycles
[    0.000000] clocksource: kvm-clock: mask: 0xffffffffffffffff max_cycles: 0x1cd42e4dffb, max_idle_ns: 881590591483 ns
[    0.000000] Zone ranges:
[    0.000000]   DMA      [mem 0x0000000000001000-0x0000000000ffffff]
[    0.000000]   DMA32    [mem 0x0000000001000000-0x000000003ffeffff]
[    0.000000]   Normal   empty
[    0.000000]   Device   empty
[    0.000000] Movable zone start for each node
[    0.000000] Early memory node ranges
[    0.000000]   node   0: [mem 0x0000000000001000-0x000000000009efff]
[    0.000000]   node   0: [mem 0x0000000000100000-0x000000003ffeffff]
[    0.000000] Reserved but unavailable: 104 pages
[    0.000000] Initmem setup node 0 [mem 0x0000000000001000-0x000000003ffeffff]
[    0.000000] ACPI: PM-Timer IO Port: 0x4008
[    0.000000] IOAPIC[0]: apic_id 2, version 32, address 0xfec00000, GSI 0-23
[    0.000000] ACPI: INT_SRC_OVR (bus 0 bus_irq 0 global_irq 2 dfl dfl)
[    0.000000] ACPI: INT_SRC_OVR (bus 0 bus_irq 9 global_irq 9 low level)
[    0.000000] Using ACPI (MADT) for SMP configuration information
[    0.000000] smpboot: Allowing 2 CPUs, 0 hotplug CPUs
[    0.000000] PM: Registered nosave memory: [mem 0x00000000-0x00000fff]
[    0.000000] PM: Registered nosave memory: [mem 0x0009f000-0x0009ffff]
[    0.000000] PM: Registered nosave memory: [mem 0x000a0000-0x000effff]
[    0.000000] PM: Registered nosave memory: [mem 0x000f0000-0x000fffff]
[    0.000000] e820: [mem 0x40000000-0xfebfffff] available for PCI devices
[    0.000000] Booting paravirtualized kernel on KVM
[    0.000000] clocksource: refined-jiffies: mask: 0xffffffff max_cycles: 0xffffffff, max_idle_ns: 7645519600211568 ns
[    0.000000] setup_percpu: NR_CPUS:8192 nr_cpumask_bits:2 nr_cpu_ids:2 nr_node_ids:1
[    0.000000] percpu: Embedded 50 pages/cpu s167936 r8192 d28672 u1048576
[    0.000000] PV qspinlock hash table entries: 256 (order: 0, 4096 bytes)
[    0.000000] Built 1 zonelists, mobility grouping on.  Total pages: 257913
[    0.000000] Policy zone: DMA32
[    0.000000] Kernel command line: BOOT_IMAGE=/boot/vmlinuz-4.15.0-212-generic root=LABEL=cloudimg-rootfs ro console=tty1 console=ttyS0
[    0.000000] Memory: 982644K/1048120K available (12300K kernel code, 2477K rwdata, 4324K rodata, 2480K init, 2720K bss, 65476K reserved, 0K cma-reserved)
[    0.000000] SLUB: HWalign=64, Order=0-3, MinObjects=0, CPUs=2, Nodes=1
[    0.000000] Kernel/User page tables isolation: enabled
[    0.000000] ftrace: allocating 39508 entries in 155 pages
[    0.004000] Hierarchical RCU implementation.
[    0.004000] 	RCU restricting CPUs from NR_CPUS=8192 to nr_cpu_ids=2.
[    0.004000] 	Tasks RCU enabled.
[    0.004000] RCU: Adjusting geometry for rcu_fanout_leaf=16, nr_cpu_ids=2
[    0.004000] NR_IRQS: 524544, nr_irqs: 440, preallocated irqs: 16
[    0.004000] random: crng init done
[    0.004000] Console: colour VGA+ 80x25
[    0.004000] console [tty1] enabled
[    0.004000] console [ttyS0] enabled
[    0.004000] ACPI: Core revision 20170831
[    0.004000] ACPI: 2 ACPI AML tables successfully acquired and loaded
[    0.004000] APIC: Switch to symmetric I/O mode setup
[    0.004000] ..TIMER: vector=0x30 apic1=0 pin1=2 apic2=-1 pin2=-1
[    0.004007] tsc: Detected 2592.000 MHz processor
[    0.008011] Calibrating delay loop (skipped) preset value.. 5184.00 BogoMIPS (lpj=10368000)
[    0.012006] pid_max: default: 32768 minimum: 301
[    0.016084] Security Framework initialized
[    0.024003] Yama: becoming mindful.
[    0.028097] AppArmor: AppArmor initialized
[    0.037995] Dentry cache hash table entries: 131072 (order: 8, 1048576 bytes)
[    0.044133] Inode-cache hash table entries: 65536 (order: 7, 524288 bytes)
[    0.048090] Mount-cache hash table entries: 2048 (order: 2, 16384 bytes)
[    0.052178] Mountpoint-cache hash table entries: 2048 (order: 2, 16384 bytes)
[    0.060454] Last level iTLB entries: 4KB 64, 2MB 8, 4MB 8
[    0.064025] Last level dTLB entries: 4KB 64, 2MB 0, 4MB 0, 1GB 4
[    0.068007] Spectre V1 : Mitigation: usercopy/swapgs barriers and __user pointer sanitization
[    0.072004] Spectre V2 : Mitigation: Retpolines
[    0.076003] Spectre V2 : Spectre v2 / SpectreRSB mitigation: Filling RSB on context switch
[    0.084002] Spectre V2 : Spectre v2 / SpectreRSB : Filling RSB on VMEXIT
[    0.088002] RETBleed: WARNING: Spectre v2 mitigation leaves CPU vulnerable to RETBleed attacks, data leaks possible!
[    0.092003] RETBleed: Vulnerable
[    0.096003] Speculative Store Bypass: Vulnerable
[    0.100102] MDS: Mitigation: Clear CPU buffers
[    0.104005] MMIO Stale Data: Mitigation: Clear CPU buffers
[    0.108004] SRBDS: Unknown: Dependent on hypervisor status
[    0.116101] Freeing SMP alternatives memory: 36K
[    0.244004] APIC calibration not consistent with PM-Timer: 104ms instead of 100ms
[    0.248000] APIC delta adjusted to PM-Timer: 6436644 (6704069)
[    0.248664] smpboot: CPU0: Intel(R) Core(TM) i7-6700HQ CPU @ 2.60GHz (family: 0x6, model: 0x5e, stepping: 0x3)
[    0.252640] Performance Events: unsupported p6 CPU model 94 no PMU driver, software events only.
[    0.256141] Hierarchical SRCU implementation.
[    0.260961] NMI watchdog: Perf event create on CPU 0 failed with -2
[    0.264006] NMI watchdog: Perf NMI watchdog permanently disabled
[    0.268584] smp: Bringing up secondary CPUs ...
[    0.273262] x86: Booting SMP configuration:
[    0.276003] .... node  #0, CPUs:      #1
[    0.004000] kvm-clock: cpu 1, msr 0:3ff44041, secondary cpu clock
[    0.295939] TSC synchronization [CPU#0 -> CPU#1]:
[    0.296000] Measured 183546 cycles TSC warp between CPUs, turning off TSC clock.
[    0.296000] tsc: Marking TSC unstable due to check_tsc_sync_source failed
[    0.300402] smp: Brought up 1 node, 2 CPUs
[    0.304007] smpboot: Max logical packages: 1
[    0.308005] smpboot: Total of 2 processors activated (10368.00 BogoMIPS)
[    0.312756] devtmpfs: initialized
[    0.316144] x86/mm: Memory block size: 128MB
[    0.324027] evm: security.selinux
[    0.328019] evm: security.SMACK64
[    0.332005] evm: security.SMACK64EXEC
[    0.340007] evm: security.SMACK64TRANSMUTE
[    0.344050] evm: security.SMACK64MMAP
[    0.348007] evm: security.apparmor
[    0.352006] evm: security.ima
[    0.356006] evm: security.capability
[    0.364265] clocksource: jiffies: mask: 0xffffffff max_cycles: 0xffffffff, max_idle_ns: 7645041785100000 ns
[    0.380018] futex hash table entries: 512 (order: 3, 32768 bytes)
[    0.392312] pinctrl core: initialized pinctrl subsystem
[    0.404679] RTC time: 23:37:17, date: 07/21/24
[    0.417819] NET: Registered protocol family 16
[    0.428538] audit: initializing netlink subsys (disabled)
[    0.440494] audit: type=2000 audit(1721605043.891:1): state=initialized audit_enabled=0 res=1
[    0.456014] cpuidle: using governor ladder
[    0.464009] cpuidle: using governor menu
[    0.468043] ACPI: bus type PCI registered
[    0.476004] acpiphp: ACPI Hot Plug PCI Controller Driver version: 0.5
[    0.488224] PCI: Using configuration type 1 for base access
[    0.504001] HugeTLB registered 2.00 MiB page size, pre-allocated 0 pages
[    0.516570] ACPI: Added _OSI(Module Device)
[    0.524025] ACPI: Added _OSI(Processor Device)
[    0.532006] ACPI: Added _OSI(3.0 _SCP Extensions)
[    0.540003] ACPI: Added _OSI(Processor Aggregator Device)
[    0.548006] ACPI: Added _OSI(Linux-Dell-Video)
[    0.556006] ACPI: Added _OSI(Linux-Lenovo-NV-HDMI-Audio)
[    0.564005] ACPI: Added _OSI(Linux-HPI-Hybrid-Graphics)
[    0.576207] ACPI: Executed 1 blocks of module-level executable AML code
[    0.591746] ACPI: Interpreter enabled
[    0.596014] ACPI: (supports S0 S5)
[    0.604003] ACPI: Using IOAPIC for interrupt routing
[    0.612500] PCI: Using host bridge windows from ACPI; if necessary, use "pci=nocrs" and report a bug
[    0.628441] ACPI: Enabled 2 GPEs in block 00 to 07
[    0.649487] ACPI: PCI Root Bridge [PCI0] (domain 0000 [bus 00-ff])
[    0.656029] acpi PNP0A03:00: _OSC: OS supports [ASPM ClockPM Segments MSI]
[    0.669026] acpi PNP0A03:00: _OSC: not requesting OS control; OS requires [ExtendedConfig ASPM ClockPM MSI]
[    0.684094] acpi PNP0A03:00: fail to add MMCONFIG information, can't access extended PCI configuration space under this bridge.
[    0.709407] PCI host bridge to bus 0000:00
[    0.716008] pci_bus 0000:00: root bus resource [io  0x0000-0x0cf7 window]
[    0.732013] pci_bus 0000:00: root bus resource [io  0x0d00-0xffff window]
[    0.748011] pci_bus 0000:00: root bus resource [mem 0x000a0000-0x000bffff window]
[    0.756010] pci_bus 0000:00: root bus resource [mem 0x40000000-0xfdffffff window]
[    0.768008] pci_bus 0000:00: root bus resource [bus 00-ff]
[    0.788048] pci 0000:00:01.1: legacy IDE quirk: reg 0x10: [io  0x01f0-0x01f7]
[    0.800003] pci 0000:00:01.1: legacy IDE quirk: reg 0x14: [io  0x03f6]
[    0.808009] pci 0000:00:01.1: legacy IDE quirk: reg 0x18: [io  0x0170-0x0177]
[    0.820009] pci 0000:00:01.1: legacy IDE quirk: reg 0x1c: [io  0x0376]
[    0.863743] pci 0000:00:07.0: quirk: [io  0x4000-0x403f] claimed by PIIX4 ACPI
[    0.876084] pci 0000:00:07.0: quirk: [io  0x4100-0x410f] claimed by PIIX4 SMB
[    0.907441] ACPI: PCI Interrupt Link [LNKA] (IRQs 5 9 10 *11)
[    0.916792] ACPI: PCI Interrupt Link [LNKB] (IRQs 5 9 *10 11)
[    0.924275] ACPI: PCI Interrupt Link [LNKC] (IRQs 5 *9 10 11)
[    0.936490] ACPI: PCI Interrupt Link [LNKD] (IRQs 5 9 10 *11)
[    0.944901] SCSI subsystem initialized
[    0.952392] pci 0000:00:02.0: vgaarb: setting as boot VGA device
[    0.956000] pci 0000:00:02.0: vgaarb: VGA device added: decodes=io+mem,owns=io+mem,locks=none
[    0.976008] pci 0000:00:02.0: vgaarb: bridge control possible
[    0.984005] vgaarb: loaded
[    0.988155] ACPI: bus type USB registered
[    0.992023] usbcore: registered new interface driver usbfs
[    1.000039] usbcore: registered new interface driver hub
[    1.012034] usbcore: registered new device driver usb
[    1.020349] EDAC MC: Ver: 3.0.0
[    1.028434] PCI: Using ACPI for IRQ routing
[    1.037768] NetLabel: Initializing
[    1.044003] NetLabel:  domain hash size = 128
[    1.052002] NetLabel:  protocols = UNLABELED CIPSOv4 CALIPSO
[    1.060019] NetLabel:  unlabeled traffic allowed by default
[    1.072246] clocksource: Switched to clocksource kvm-clock
[    1.128083] VFS: Disk quotas dquot_6.6.0
[    1.140175] VFS: Dquot-cache hash table entries: 512 (order 0, 4096 bytes)
[    1.151386] AppArmor: AppArmor Filesystem Enabled
[    1.158618] pnp: PnP ACPI init
[    1.167446] pnp: PnP ACPI: found 3 devices
[    1.181958] clocksource: acpi_pm: mask: 0xffffff max_cycles: 0xffffff, max_idle_ns: 2085701024 ns
[    1.194713] NET: Registered protocol family 2
[    1.202084] IP idents hash table entries: 16384 (order: 5, 131072 bytes)
[    1.212807] TCP established hash table entries: 8192 (order: 4, 65536 bytes)
[    1.223208] TCP bind hash table entries: 8192 (order: 5, 131072 bytes)
[    1.233129] TCP: Hash tables configured (established 8192 bind 8192)
[    1.243166] UDP hash table entries: 512 (order: 2, 16384 bytes)
[    1.252741] UDP-Lite hash table entries: 512 (order: 2, 16384 bytes)
[    1.262491] NET: Registered protocol family 1
[    1.269948] pci 0000:00:00.0: Limiting direct PCI/PCI transfers
[    1.279000] pci 0000:00:01.0: Activating ISA DMA hang workarounds
[    1.288835] pci 0000:00:02.0: Video device with shadowed ROM at [mem 0x000c0000-0x000dffff]
[    1.301888] Unpacking initramfs...
[    1.968025] Freeing initrd memory: 19528K
[    1.977559] clocksource: tsc: mask: 0xffffffffffffffff max_cycles: 0x255cb6cc5db, max_idle_ns: 440795203504 ns
[    1.991201] platform rtc_cmos: registered platform RTC device (no PNP device found)
[    2.003186] Scanning for low memory corruption every 60 seconds
[    2.014511] Initialise system trusted keyrings
[    2.022352] Key type blacklist registered
[    2.030012] workingset: timestamp_bits=36 max_order=18 bucket_order=0
[    2.044293] zbud: loaded
[    2.051334] squashfs: version 4.0 (2009/01/31) Phillip Lougher
[    2.061978] fuse init (API version 7.26)
[    2.099492] Key type asymmetric registered
[    2.108686] Asymmetric key parser 'x509' registered
[    2.116989] Block layer SCSI generic (bsg) driver version 0.4 loaded (major 246)
[    2.129703] io scheduler noop registered
[    2.137486] io scheduler deadline registered
[    2.144475] io scheduler cfq registered (default)
[    2.153421] ACPI: AC Adapter [AC] (on-line)
[    2.161722] input: Power Button as /devices/LNXSYSTM:00/LNXPWRBN:00/input/input0
[    2.173536] ACPI: Power Button [PWRF]
[    2.180937] input: Sleep Button as /devices/LNXSYSTM:00/LNXSLPBN:00/input/input1
[    2.193692] ACPI: Sleep Button [SLPF]
[    2.201887] Serial: 8250/16550 driver, 32 ports, IRQ sharing enabled
[    2.205049] ACPI: Battery Slot [BAT0] (battery present)
[    2.257625] 00:02: ttyS0 at I/O 0x3f8 (irq = 4, base_baud = 115200) is a 16550A
[    2.273080] Linux agpgart interface v0.103
[    2.289551] loop: module loaded
[    2.299739] scsi host0: ata_piix
[    2.308482] scsi host1: ata_piix
[    2.315314] ata1: PATA max UDMA/33 cmd 0x1f0 ctl 0x3f6 bmdma 0xd000 irq 14
[    2.327525] ata2: PATA max UDMA/33 cmd 0x170 ctl 0x376 bmdma 0xd008 irq 15
[    2.338229] tun: Universal TUN/TAP device driver, 1.6
[    2.347375] PPP generic driver version 2.4.2
[    2.354528] ehci_hcd: USB 2.0 'Enhanced' Host Controller (EHCI) Driver
[    2.363532] ehci-pci: EHCI PCI platform driver
[    2.371675] ehci-platform: EHCI generic platform driver
[    2.380198] ohci_hcd: USB 1.1 'Open' Host Controller (OHCI) Driver
[    2.389808] ohci-pci: OHCI PCI platform driver
[    2.397042] ohci-platform: OHCI generic platform driver
[    2.405660] uhci_hcd: USB Universal Host Controller Interface driver
[    2.415453] i8042: PNP: PS/2 Controller [PNP0303:PS2K,PNP0f03:PS2M] at 0x60,0x64 irq 1,12
[    2.435042] serio: i8042 KBD port at 0x60,0x64 irq 1
[    2.444942] serio: i8042 AUX port at 0x60,0x64 irq 12
[    2.454839] mousedev: PS/2 mouse device common for all mice
[    2.469215] input: AT Translated Set 2 keyboard as /devices/platform/i8042/serio0/input/input2
[    2.489309] rtc_cmos rtc_cmos: rtc core: registered rtc_cmos as rtc0
[    2.499718] rtc_cmos rtc_cmos: alarms up to one day, 114 bytes nvram
[    2.508862] i2c /dev entries driver
[    2.514719] device-mapper: uevent: version 1.0.3
[    2.523495] device-mapper: ioctl: 4.37.0-ioctl (2017-09-20) initialised: dm-devel@redhat.com
[    2.582941] ledtrig-cpu: registered to indicate activity on CPUs
[    2.597411] NET: Registered protocol family 10
[    2.619453] Segment Routing with IPv6
[    2.625429] NET: Registered protocol family 17
[    2.633164] Key type dns_resolver registered
[    2.641203] mce: Using 0 MCE banks
[    2.646479] RAS: Correctable Errors collector initialized.
[    2.655747] sched_clock: Marking stable (2655591629, 0)->(3849297663, -1193706034)
[    2.675197] registered taskstats version 1
[    2.682037] Loading compiled-in X.509 certificates
[    2.697920] Loaded X.509 cert 'Build time autogenerated kernel key: b5b26778eaa3ab3a4a6cee031137706e947d12ad'
[    2.715045] Loaded X.509 cert 'Canonical Ltd. Live Patch Signing: 14df34d1a87cf37625abec039ef2bf521249b969'
[    2.730663] Loaded X.509 cert 'Canonical Ltd. Kernel Module Signing: 88f752e560a1e0737e31163a466ad7b70a850c19'
[    2.750023] blacklist: Loading compiled-in revocation X.509 certificates
[    2.763524] Loaded X.509 cert 'Canonical Ltd. Secure Boot Signing: 61482aa2830d0ab2ad5af10b7250da9033ddcef0'
[    2.782224] Loaded X.509 cert 'Canonical Ltd. Secure Boot Signing (2017): 242ade75ac4a15e50d50c84b0d45ff3eae707a03'
[    2.798403] Loaded X.509 cert 'Canonical Ltd. Secure Boot Signing (ESM 2018): 365188c1d374d6b07c3c8f240f8ef722433d6a8b'
[    2.815626] Loaded X.509 cert 'Canonical Ltd. Secure Boot Signing (2019): c0746fd6c5da3ae827864651ad66ae47fe24b3e8'
[    2.830789] Loaded X.509 cert 'Canonical Ltd. Secure Boot Signing (2021 v1): a8d54bbb3825cfb94fa13c9f8a594a195c107b8d'
[    2.849922] Loaded X.509 cert 'Canonical Ltd. Secure Boot Signing (2021 v2): 4cf046892d6fd3c9a5b03f98d845f90851dc6a8c'
[    2.870179] Loaded X.509 cert 'Canonical Ltd. Secure Boot Signing (2021 v3): 100437bb6de6e469b581e61cd66bce3ef4ed53af'
[    2.888891] Loaded X.509 cert 'Canonical Ltd. Secure Boot Signing (Ubuntu Core 2019): c1d57b8f6b743f23ee41f4f7ee292f06eecadfb9'
[    2.907054] zswap: loaded using pool lzo/zbud
[    2.937350] Key type big_key registered
[    2.943195] Key type trusted registered
[    2.959575] Key type encrypted registered
[    2.966297] AppArmor: AppArmor sha1 policy hashing enabled
[    2.975813] ima: No TPM chip found, activating TPM-bypass! (rc=-19)
[    2.984882] ima: Allocated hash algorithm: sha1
[    2.991245] evm: HMAC attrs: 0x1
[    2.997750]   Magic number: 0:607:656
[    3.004485] rtc_cmos rtc_cmos: setting system clock to 2024-07-21 23:37:20 UTC (1721605040)
[    3.017189] BIOS EDD facility v0.16 2004-Jun-25, 0 devices found
[    3.025824] EDD information not available.
[    3.037970] Freeing unused kernel image memory: 2480K
[    3.052557] Write protecting the kernel read-only data: 20480k
[    3.063243] Freeing unused kernel image memory: 2008K
[    3.071995] Freeing unused kernel image memory: 1820K
[    3.084878] x86/mm: Checked W+X mappings: passed, no W+X pages found.
[    3.093923] x86/mm: Checking user space page tables
[    3.106256] x86/mm: Checked W+X mappings: passed, no W+X pages found.
Loading, please wait...
starting version 237
[    3.288256] Fusion MPT base driver 3.04.20
[    3.298147] Copyright (c) 1999-2008 LSI Corporation
[    3.315001] e1000: Intel(R) PRO/1000 Network Driver - version 7.3.21-k8-NAPI
[    3.326226] e1000: Copyright (c) 1999-2006 Intel Corporation.
[    3.386923] SSE version of gcm_enc/dec engaged.
[    3.403342] Fusion MPT SPI Host driver 3.04.20
[    3.605419] input: ImExPS/2 Generic Explorer Mouse as /devices/platform/i8042/serio1/input/input4
[    4.529115] e1000 0000:00:03.0 eth0: (PCI:33MHz:32-bit) 02:3b:7b:b7:3b:2d
[    4.538551] e1000 0000:00:03.0 eth0: Intel(R) PRO/1000 Network Connection
[    4.556400] mptbase: ioc0: Initiating bringup
[    4.775923] ioc0: LSI53C1030 A0: Capabilities={Initiator}
[    5.596395] scsi host2: ioc0: LSI53C1030 A0, FwRev=00000000h, Ports=1, MaxQ=256, IRQ=20
[    6.376701] scsi 2:0:0:0: Direct-Access     VBOX     HARDDISK         1.0  PQ: 0 ANSI: 5
[    6.448862] scsi target2:0:0: Beginning Domain Validation
[    6.489108] scsi target2:0:0: Domain Validation skipping write tests
[    6.499693] scsi target2:0:0: Ending Domain Validation
[    6.509821] scsi target2:0:0: asynchronous
[    6.521848] scsi 2:0:1:0: Direct-Access     VBOX     HARDDISK         1.0  PQ: 0 ANSI: 5
[    6.836860] scsi target2:0:1: Beginning Domain Validation
[    6.854656] scsi target2:0:1: Domain Validation skipping write tests
[    6.864661] scsi target2:0:1: Ending Domain Validation
[    6.872935] scsi target2:0:1: asynchronous
[    6.899038] sd 2:0:0:0: Attached scsi generic sg0 type 0
[    6.909180] sd 2:0:0:0: [sda] 83886080 512-byte logical blocks: (42.9 GB/40.0 GiB)
[    6.922042] sd 2:0:1:0: [sdb] 20480 512-byte logical blocks: (10.5 MB/10.0 MiB)
[    6.933297] sd 2:0:1:0: Attached scsi generic sg1 type 0
[    6.942118] sd 2:0:1:0: [sdb] Write Protect is off
[    6.949409] sd 2:0:0:0: [sda] Write Protect is off
[    6.958133] sd 2:0:1:0: [sdb] Incomplete mode parameter data
[    6.967371] sd 2:0:1:0: [sdb] Assuming drive cache: write through
[    6.976686] sd 2:0:0:0: [sda] Incomplete mode parameter data
[    6.985483] sd 2:0:0:0: [sda] Assuming drive cache: write through
[    7.029271]  sda: sda1
[    7.038614] sd 2:0:1:0: [sdb] Attached SCSI disk
[    7.049636] sd 2:0:0:0: [sda] Attached SCSI disk
[    7.362785] e1000 0000:00:08.0 eth1: (PCI:33MHz:32-bit) 08:00:27:f1:ad:d5
[    7.375114] e1000 0000:00:08.0 eth1: Intel(R) PRO/1000 Network Connection
[    7.394233] e1000 0000:00:03.0 enp0s3: renamed from eth0
[    7.413899] e1000 0000:00:08.0 enp0s8: renamed from eth1
Begin: Loading essential drivers ... [   12.870974] raid6: sse2x1   gen() 133059 MB/s
[   14.869613] raid6: sse2x1   xor() 156010 MB/s
[   16.869170] raid6: sse2x2   gen() 265041 MB/s
[   17.914706] raid6: sse2x2   xor()  7898 MB/s
[   17.976856] raid6: sse2x4   gen() 13907 MB/s
[   18.030392] raid6: sse2x4   xor()  7668 MB/s
[   18.037429] raid6: using algorithm sse2x2 gen() 265041 MB/s
[   18.047692] raid6: .... xor() 7898 MB/s, rmw enabled
[   18.057103] raid6: using ssse3x2 recovery algorithm
[   18.069534] xor: measuring software checksum speed
[   18.116334]    prefetch64-sse: 15611.000 MB/sec
[   18.160257]    generic_sse: 14351.000 MB/sec
[   18.167237] xor: using function: prefetch64-sse (15611.000 MB/sec)
[   18.179885] async_tx: api initialized (async)
done.
Begin: Running /scripts/init-premount ... done.
Begin: Mounting root file system ... Begin: Running /scripts/local-top ... done.
Begin: Running /scripts/local-premount ... [   18.288958] Btrfs loaded, crc32c=crc32c-intel
Scanning for Btrfs filesystems
done.
Warning: fsck not present, so skipping root file system
[   18.722915] EXT4-fs (sda1): mounted filesystem with ordered data mode. Opts: (null)
done.
Begin: Running /scripts/local-bottom ... done.
Begin: Running /scripts/init-bottom ... done.
[   20.715857] ip_tables: (C) 2000-2006 Netfilter Core Team
[   20.898833] systemd[1]: systemd 237 running in system mode. (+PAM +AUDIT +SELINUX +IMA +APPARMOR +SMACK +SYSVINIT +UTMP +LIBCRYPTSETUP +GCRYPT +GNUTLS +ACL +XZ +LZ4 +SECCOMP +BLKID +ELFUTILS +KMOD -IDN2 +IDN -PCRE2 default-hierarchy=hybrid)
[   20.926858] systemd[1]: Detected virtualization oracle.
[   20.936459] systemd[1]: Detected architecture x86-64.

Welcome to [1mUbuntu 18.04.6 LTS[0m!

[   21.068272] systemd[1]: Set hostname to <ubuntu>.
[   21.105780] systemd[1]: Initializing machine ID from random generator.
[   21.114881] systemd[1]: Installed transient /etc/machine-id file.
[   24.067449] systemd[1]: Reached target Swap.
[[0;32m  OK  [0m] Reached target Swap.
[   24.094115] systemd[1]: Created slice System Slice.
[[0;32m  OK  [0m] Created slice System Slice.
[   24.107085] systemd[1]: Listening on Journal Socket (/dev/log).
[[0;32m  OK  [0m] Listening on Journal Socket (/dev/log).
[   24.119624] systemd[1]: Listening on Network Service Netlink Socket.
[[0;32m  OK  [0m] Listening on Network Service Netlink Socket.
[[0;32m  OK  [0m] Listening on Journal Socket.
         Mounting Kernel Debug File System...
         Mounting Huge Pages File System...
         Starting Uncomplicated firewall...
[[0;32m  OK  [0m] Listening on udev Kernel Socket.
[[0;32m  OK  [0m] Listening on /dev/initctl Compatibility Named Pipe.
         Starting Create list of required st…ce nodes for the current kernel...
[[0;32m  OK  [0m] Reached target User and Group Name Lookups.
[[0;32m  OK  [0m] Reached target System Time Synchronized.
[[0;32m  OK  [0m] Created slice system-serial\x2dgetty.slice.
[[0;32m  OK  [0m] Listening on Device-mapper event daemon FIFOs.
[[0;32m  OK  [0m] Listening on udev Control Socket.
         Starting udev Coldplug all Devices...
[[0;32m  OK  [0m] Listening on fsck to fsckd communication Socket.
         Starting File System Check on Root Device...
         Starting Set the console keyboard layout...
         Mounting POSIX Message Queue File System...
[[0;32m  OK  [0m] Started Forward Password Requests to Wall Directory Watch.
[[0;32m  OK  [0m] Listening on Syslog Socket.
[[0;32m  OK  [0m] Listening on LVM2 poll daemon socket.
[[0;32m  OK  [0m] Reached target Mounting snaps.
[[0;32m  OK  [0m] Reached target Mounted snaps.
         Starting Load Kernel Modules...
[[0;32m  OK  [0m] Listening on LVM2 metadata daemon socket.
         Starting Monitoring of LVM2 mirrors…ng dmeventd or progress polling...
[[0;32m  OK  [0m] Listening on Journal Audit Socket.
         Starting Journal Service...
[[0;32m  OK  [0m] Set up automount Arbitrary Executab…rmats File System Automount Point.
[[0;32m  OK  [0m] Created slice User and Session Slice.
[[0;32m  OK  [0m] Reached target Slices.
[[0;32m  OK  [0m] Mounted Kernel Debug File System.
[[0;32m  OK  [0m] Mounted Huge Pages File System.
[[0;32m  OK  [0m] Started Uncomplicated firewall.
[[0;32m  OK  [0m] Started Create list of required sta…vice nodes for the current kernel.
[[0;32m  OK  [0m] Started File System Check on Root Device.
[[0;32m  OK  [0m] Mounted POSIX Message Queue File System.
[[0;32m  OK  [0m] Started File System Check Daemon to report status.
         Starting Remount Root and Kernel File Systems...
         Starting Create Static Device Nodes in /dev...
[[0;32m  OK  [0m] Started udev Coldplug all Devices.
[   25.130857] Loading iSCSI transport class v2.0-870.
[[0;32m  OK  [0m] Started Journal Service.
[   25.404785] iscsi: registered transport (tcp)
[   25.412494] EXT4-fs (sda1): re-mounted. Opts: (null)
[[0;32m  OK  [0m] Started Remount Root and Kernel File Systems.
         Starting Load/Save Random Seed...
         Starting Flush Journal to Persistent Storage...
[[0;32m  OK  [0m] Started Load/Save Random Seed.
[[0;32m  OK  [0m] Started LVM2 metadata daemon.
[   25.966768] systemd-journald[411]: Received request to flush runtime journal from PID 1
[[0;32m  OK  [0m] Started Create Static Device Nodes in /dev.
         Starting udev Kernel Device Manager...
[   26.129366] iscsi: registered transport (iser)
[[0;32m  OK  [0m] Started Load Kernel Modules.
         Mounting FUSE Control File System...
         Mounting Kernel Configuration File System...
         Starting Apply Kernel Variables...
[[0;32m  OK  [0m] Mounted FUSE Control File System.
[[0;32m  OK  [0m] Mounted Kernel Configuration File System.
[[0;32m  OK  [0m] Started Monitoring of LVM2 mirrors,…sing dmeventd or progress polling.
[[0;32m  OK  [0m] Started Apply Kernel Variables.
[[0;32m  OK  [0m] Started Flush Journal to Persistent Storage.
[[0;32m  OK  [0m] Started udev Kernel Device Manager.
[[0;32m  OK  [0m] Found device /dev/ttyS0.
[[0;32m  OK  [0m] Listening on Load/Save RF Kill Switch Status /dev/rfkill Watch.
[[0;32m  OK  [0m] Started Set the console keyboard layout.
[[0;32m  OK  [0m] Started Dispatch Password Requests to Console Directory Watch.
[[0;32m  OK  [0m] Reached target Local Encrypted Volumes.
[[0;32m  OK  [0m] Reached target Local File Systems (Pre).
[[0;32m  OK  [0m] Reached target Local File Systems.
         Starting Set console font and keymap...
         Starting Tell Plymouth To Write Out Runtime Data...
         Starting Create Volatile Files and Directories...
         Starting Commit a transient machine-id on disk...
         Starting ebtables ruleset management...
         Starting AppArmor initialization...
[[0;32m  OK  [0m] Started Tell Plymouth To Write Out Runtime Data.
         Mounting Arbitrary Executable File Formats File System...
[[0;32m  OK  [0m] Started Commit a transient machine-id on disk.
[[0;32m  OK  [0m] Started Create Volatile Files and Directories.
         Starting Update UTMP about System Boot/Shutdown...
[[0;32m  OK  [0m] Mounted Arbitrary Executable File Formats File System.
[[0;32m  OK  [0m] Started Update UTMP about System Boot/Shutdown.
[[0;32m  OK  [0m] Started ebtables ruleset management.
[[0;32m  OK  [0m] Started AppArmor initialization.
         Starting Initial cloud-init job (pre-networking)...
         Starting Load AppArmor profiles managed internally by snapd...
[[0;32m  OK  [0m] Started Set console font and keymap.
[[0;32m  OK  [0m] Started Load AppArmor profiles managed internally by snapd.
[   42.436558] cloud-init[780]: Cloud-init v. 23.1.2-0ubuntu0~18.04.1 running 'init-local' at Sun, 21 Jul 2024 23:37:58 +0000. Up 41.15 seconds.
[[0;32m  OK  [0m] Started Initial cloud-init job (pre-networking).
[[0;32m  OK  [0m] Reached target Network (Pre).
         Starting Network Service...
[[0;32m  OK  [0m] Started Network Service.
         Starting Network Name Resolution...
         Starting Wait for Network to be Configured...
[[0;32m  OK  [0m] Started Network Name Resolution.
[[0;32m  OK  [0m] Reached target Network.
[[0;32m  OK  [0m] Reached target Host and Network Name Lookups.
[[0;32m  OK  [0m] Started Wait for Network to be Configured.
         Starting Initial cloud-init job (metadata service crawler)...
[   45.468834] cloud-init[934]: Cloud-init v. 23.1.2-0ubuntu0~18.04.1 running 'init' at Sun, 21 Jul 2024 23:38:02 +0000. Up 45.18 seconds.
[   45.475194] cloud-init[934]: ci-info: ++++++++++++++++++++++++++++++++++++++Net device info+++++++++++++++++++++++++++++++++++++++
[   45.480597] cloud-init[934]: ci-info: +--------+-------+----------------------------+---------------+--------+-------------------+
[   45.487418] cloud-init[934]: ci-info: | Device |   Up  |          Address           |      Mask     | Scope  |     Hw-Address    |
[   45.494506] cloud-init[934]: ci-info: +--------+-------+----------------------------+---------------+--------+-------------------+
[   45.501209] cloud-init[934]: ci-info: | enp0s3 |  True |         10.0.2.15          | 255.255.255.0 | global | 02:3b:7b:b7:3b:2d |
[   45.507780] cloud-init[934]: ci-info: | enp0s3 |  True | fe80::3b:7bff:feb7:3b2d/64 |       .       |  link  | 02:3b:7b:b7:3b:2d |
[   45.514559] cloud-init[934]: ci-info: | enp0s8 | False |             .              |       .       |   .    | 08:00:27:f1:ad:d5 |
[   45.521984] cloud-init[934]: ci-info: |   lo   |  True |         127.0.0.1          |   255.0.0.0   |  host  |         .         |
[   45.529588] cloud-init[934]: ci-info: |   lo   |  True |          ::1/128           |       .       |  host  |         .         |
[   45.536847] cloud-init[934]: ci-info: +--------+-------+----------------------------+---------------+--------+-------------------+
[   45.543626] cloud-init[934]: ci-info: ++++++++++++++++++++++++++++Route IPv4 info+++++++++++++++++++++++++++++
[   45.550299] cloud-init[934]: ci-info: +-------+-------------+----------+-----------------+-----------+-------+
[   45.557572] cloud-init[934]: ci-info: | Route | Destination | Gateway  |     Genmask     | Interface | Flags |
[   45.563687] cloud-init[934]: ci-info: +-------+-------------+----------+-----------------+-----------+-------+
[   45.569847] cloud-init[934]: ci-info: |   0   |   0.0.0.0   | 10.0.2.2 |     0.0.0.0     |   enp0s3  |   UG  |
[   45.574798] cloud-init[934]: ci-info: |   1   |   10.0.2.0  | 0.0.0.0  |  255.255.255.0  |   enp0s3  |   U   |
[   45.579878] cloud-init[934]: ci-info: |   2   |   10.0.2.2  | 0.0.0.0  | 255.255.255.255 |   enp0s3  |   UH  |
[   45.585475] cloud-init[934]: ci-info: +-------+-------------+----------+-----------------+-----------+-------+
[   45.591292] cloud-init[934]: ci-info: +++++++++++++++++++Route IPv6 info+++++++++++++++++++
[   45.595653] cloud-init[934]: ci-info: +-------+-------------+---------+-----------+-------+
[   45.599943] cloud-init[934]: ci-info: | Route | Destination | Gateway | Interface | Flags |
[   45.604576] cloud-init[934]: ci-info: +-------+-------------+---------+-----------+-------+
[   45.609181] cloud-init[934]: ci-info: |   1   |  fe80::/64  |    ::   |   enp0s3  |   U   |
[   45.613543] cloud-init[934]: ci-info: |   3   |    local    |    ::   |   enp0s3  |   U   |
[   45.618123] cloud-init[934]: ci-info: |   4   |   ff00::/8  |    ::   |   enp0s3  |   U   |
[   45.622244] cloud-init[934]: ci-info: +-------+-------------+---------+-----------+-------+
[   49.730523] cloud-init[934]: Generating public/private rsa key pair.
[   49.737048] cloud-init[934]: Your identification has been saved in /etc/ssh/ssh_host_rsa_key.
[   49.743072] cloud-init[934]: Your public key has been saved in /etc/ssh/ssh_host_rsa_key.pub.
[   49.747963] cloud-init[934]: The key fingerprint is:
[   49.750742] cloud-init[934]: SHA256:RwXH/LfbuLw+0GTux7XGhGYKDG4pRVp/DAQ+FMQ9ydI root@ubuntu-bionic
[   49.755681] cloud-init[934]: The key's randomart image is:
[   49.759090] cloud-init[934]: +---[RSA 2048]----+
[   49.761813] cloud-init[934]: |      o=B.o+o    |
[   49.764614] cloud-init[934]: |      o= E oo    |
[   49.767352] cloud-init[934]: |      +oo =  .   |
[   49.770109] cloud-init[934]: |     . o.o o  + .|
[   49.772970] cloud-init[934]: |      o S o  =...|
[   49.775676] cloud-init[934]: |     . + +  .+oo.|
[   49.778431] cloud-init[934]: |      o   . +ooo=|
[   49.781194] cloud-init[934]: |           . .+=+|
[   49.783853] cloud-init[934]: |             .*= |
[   49.786950] cloud-init[934]: +----[SHA256]-----+
[   49.789520] cloud-init[934]: Generating public/private dsa key pair.
[   49.792710] cloud-init[934]: Your identification has been saved in /etc/ssh/ssh_host_dsa_key.
[   49.797827] cloud-init[934]: Your public key has been saved in /etc/ssh/ssh_host_dsa_key.pub.
[   49.802625] cloud-init[934]: The key fingerprint is:
[   49.805905] cloud-init[934]: SHA256:589k8zpN+2z1usR0CIE5e0eAG4LHYpcqg37QlXqhDZM root@ubuntu-bionic
[   49.811693] cloud-init[934]: The key's randomart image is:
[   49.815458] cloud-init[934]: +---[DSA 1024]----+
[   49.820214] cloud-init[934]: |     . + . +o.   |
[   49.830395] cloud-init[934]: |    E B * *  ..  |
[   49.839671] cloud-init[934]: |   o O * . =..   |
[   49.848079] cloud-init[934]: |  o * +   o .... |
[   49.857046] cloud-init[934]: | . . +  S .. .o .|
[   49.866520] cloud-init[934]: |  . .    o   o...|
[   49.875517] cloud-init[934]: |   .      . +oo.o|
[   49.884933] cloud-init[934]: |           =.+o.o|
[   49.893619] cloud-init[934]: |            +o+=o|
[   49.901381] cloud-init[934]: +----[SHA256]-----+
[   49.907679] [[0;32m  OK  [0m] Started Initial cloud-init job (metadata service crawler).
[[0;32m  OK  [0m] Reached target Cloud-config availability.
[[0;32m  OK  [0m] Reached target Network is Online.
cloud-init[934]: Generating public/private ecdsa key pair.
[   49.922675] cloud-init[934]: Your identification has been saved in /etc/ssh/ssh_host_ecdsa_key.
[   49.928681] cloud-init[934]: Your public key has been saved in /etc/ssh/ssh_host_ecdsa_key.pub.
[   49.934342] cloud-init[934]: The key fingerprint is:
[   49.938400] cloud-init[934]: SHA256:DghFrtYmkbJweOx9gpEDx3uATP+2Mzq/t6I1mQpokvw root@ubuntu-bionic
[   49.944777] cloud-init[934]: The key's randomart image is:
[   49.947862] cloud-init[934]: +---[ECDSA 256]---+
[   49.950888] cloud-init[934]: |++..o            |
[   49.953615] cloud-init[934]: |.*+=             |
[   49.956863] cloud-init[934]: |+ @+.            |
[   49.959928] cloud-init[934]: |.*.Xo.           |
[   49.962432] cloud-init[934]: |. *.*oo S        |
[   49.965518] cloud-init[934]: |oo o.o+o         |
[[0;32m  OK  [0m] Reached target Remote File Systems (Pre).
[[0;32m  OK  [0m] Reached target Remote File Systems.
         Starting Availability of block devices...
[[0;32m  OK  [0m] Reached target System Initialization.
[[0;32m  OK  [0m] Listening on ACPID Listen Socket.
[[0;32m  OK  [0m] Listening on Open-iSCSI iscsid Socket.
[[0;32m  OK  [0m] Started Daily Cleanup of Temporary Directories.
[[0;32m  OK  [0m] Started Ubuntu Advantage Timer for running repeated jobs.
[[0;32m  OK  [0m] Listening on cloud-init hotplug hook socket.
[[0;32m  OK  [0m] Listening on UUID daemon activation socket.
[[0;32m  OK  [0m] Listening on D-Bus System Message Bus Socket.
[[0;32m  OK  [0m] Started Discard unused blocks once a week.
[[0;32m  OK  [0m] Started Daily apt download activities.
[[0;32m  OK  [0m] Started Daily apt upgrade and clean activities.
[[0;32m  OK  [0m] Started Message of the Day.
[[0;32m  OK  [0m] Reached target Timers.
[   49.969013] cloud-init[934]: |++   O  .        |
[   50.043910] cloud-init[934]: |o o.+.+.         |
[   50.047472] cloud-init[934]: |   E+o+..        |
[   50.051195] cloud-init[934]: +----[SHA256]-----+
[   50.055007] cloud-init[934]: Generating public/private ed25519 key pair.
[   50.059933] cloud-init[934]: Your identification has been saved in /etc/ssh/ssh_host_ed25519_key.
         Starting LXD - unix socket.
[   50.078081] cloud-init[934]: Your public key has been saved in /etc/ssh/ssh_host_ed25519_key.pub.
[   50.089416] cloud-init[934]: The key fingerprint is:
[   50.096003] [[0;32m  OK  [0m] Started ACPI Events Check.
[[0;32m  OK  [0m] Reached target Paths.
         Starting Socket activation for snappy daemon.
[[0;32m  OK  [0m] Started Availability of block devices.
[[0;32m  OK  [0m] Listening on LXD - unix socket.
[[0;32m  OK  [0m] Listening on Socket activation for snappy daemon.
[[0;32m  OK  [0m] Reached target Sockets.
[[0;32m  OK  [0m] Reached target Basic System.
[[0;32m  OK  [0m] Started FUSE filesystem for LXC.
cloud-init[934]:          Starting Login Service...
[[0;32m  OK  [0m] Started Deferred execution scheduler.
SHA256:Or0zIG8Len93622+aZ/Kkxfj4o19OEjdKpmE4yTXncc root@ubuntu-bionic[[0;32m  OK  [0m] Started D-Bus System Message Bus.

[   50.161730] cloud-init[934]: The key's randomart image is:
[   50.178523] cloud-init[934]: +--[ED25519 256]--+
[   50.193811] cloud-init[934]: |                 |
[   50.202651] cloud-init[934]: |                 |
[   50.209006] cloud-init[934]: |                 |
[   50.215262] cloud-init[934]: |                 |
[   50.223828] cloud-init[934]: |        S  o o + |
[   50.233226] cloud-init[934]: |    . .o. = + +oE|
[   50.244136] cloud-init[934]: |    .oo..= + +o+o|
[   50.256169] cloud-init[934]: |   ...o.+.o B=X+o|
[   50.269261] cloud-init[934]: |  .. ooo.+ o+@XBo|
[   50.279618] cloud-init[934]: +----[SHA256]-----+
[[0;32m  OK  [0m] Started Regular background program processing daemon.
         Starting Pollinate to seed the pseudo random number generator...
         Starting Dispatcher daemon for systemd-networkd...
         Starting Virtualbox guest utils...
[[0;32m  OK  [0m] Started irqbalance daemon.
         Starting LXD - container startup/shutdown...
         Starting Accounts Service...
[[0;32m  OK  [0m] Reached target Login Prompts (Pre).
         Starting Permit User Sessions...
         Starting LSB: automatic crash report generation...
         Starting System Logging Service...
         Starting Snap Daemon...
         Starting LSB: Record successful boot for GRUB...
[[0;32m  OK  [0m] Started Permit User Sessions.
[[0;32m  OK  [0m] Started Login Service.
[[0;32m  OK  [0m] Started Unattended Upgrades Shutdown.
         Starting Terminate Plymouth Boot Screen...
         Starting Hold until boot process finishes up...
[[0;32m  OK  [0m] Started Hold until boot process finishes up.
[[0;32m  OK  [0m] Started Serial Getty on ttyS0.
         Starting Set console scheme...
[[0;32m  OK  [0m] Started Terminate Plymouth Boot Screen.
[[0;32m  OK  [0m] Started Set console scheme.
[[0;32m  OK  [0m] Created slice system-getty.slice.
[[0;32m  OK  [0m] Started Getty on tty1.
[[0;32m  OK  [0m] Reached target Login Prompts.
[[0;32m  OK  [0m] Started LSB: automatic crash report generation.
[[0;32m  OK  [0m] Started LSB: Record successful boot for GRUB.
[[0;32m  OK  [0m] Started System Logging Service.
         Starting Authorization Manager...

Ubuntu 18.04.6 LTS ubuntu-bionic ttyS0

ubuntu-bionic login: [   77.414983] cloud-init[1978]: Cloud-init v. 23.1.2-0ubuntu0~18.04.1 running 'modules:config' at Sun, 21 Jul 2024 23:38:32 +0000. Up 74.71 seconds.
ci-info: no authorized SSH keys fingerprints found for user ubuntu.
<14>Jul 21 23:38:36 cloud-init: #############################################################
<14>Jul 21 23:38:36 cloud-init: -----BEGIN SSH HOST KEY FINGERPRINTS-----
<14>Jul 21 23:38:36 cloud-init: 1024 SHA256:589k8zpN+2z1usR0CIE5e0eAG4LHYpcqg37QlXqhDZM root@ubuntu-bionic (DSA)
<14>Jul 21 23:38:36 cloud-init: 256 SHA256:DghFrtYmkbJweOx9gpEDx3uATP+2Mzq/t6I1mQpokvw root@ubuntu-bionic (ECDSA)
<14>Jul 21 23:38:36 cloud-init: 256 SHA256:Or0zIG8Len93622+aZ/Kkxfj4o19OEjdKpmE4yTXncc root@ubuntu-bionic (ED25519)
<14>Jul 21 23:38:36 cloud-init: 2048 SHA256:RwXH/LfbuLw+0GTux7XGhGYKDG4pRVp/DAQ+FMQ9ydI root@ubuntu-bionic (RSA)
<14>Jul 21 23:38:36 cloud-init: -----END SSH HOST KEY FINGERPRINTS-----
<14>Jul 21 23:38:36 cloud-init: #############################################################
-----BEGIN SSH HOST KEY KEYS-----
ecdsa-sha2-nistp256 AAAAE2VjZHNhLXNoYTItbmlzdHAyNTYAAAAIbmlzdHAyNTYAAABBBJTzS/zQ5TOy2Ern87Tq+zVhpuKiWZ+GaoLbxfDdycI8R9lwCpOcr2Z17G4uxmIMFeQvKIy9sjIcgJU06SWjmxM= root@ubuntu-bionic
ssh-ed25519 AAAAC3NzaC1lZDI1NTE5AAAAIL3AXL17WuU755egycY7MMiSfHWfgvzR/qla0DWnoq9l root@ubuntu-bionic
ssh-rsa AAAAB3NzaC1yc2EAAAADAQABAAABAQCrAjg361M+0P/kS+LdfCwmtcmUaCYg735Xe2+jiuGnhIh4wsdSASMoKU52lWxmc5STdPwRAkPNDiOugXTbT8G9glnk++Ldzo79PliJL/mcDNRXSfd9aNDRCzrHYtFqRqjPH4wnz/w6UWm/RcvbGPKBTiBqcXdyAM6gupSS/EtYQw9cTDOMQ/ml2Wmgc7nTMXe3x1zyiwWJ3oYIzBKLHNnddaa47zxKuLLjeRJzTpefc2qmuFZQwZjUuByDKa46flp6WQOOjESG1GMt0BL0sKDOHpbwhS5A2vb8ZFp+ZOZN15xb0cwAXH2fk3gEodF6whBU9O46EcUbJuAS33A6hUOl root@ubuntu-bionic
-----END SSH HOST KEY KEYS-----
[   78.695908] cloud-init[2080]: Cloud-init v. 23.1.2-0ubuntu0~18.04.1 running 'modules:final' at Sun, 21 Jul 2024 23:38:35 +0000. Up 77.98 seconds.
[   78.709103] cloud-init[2080]: Cloud-init v. 23.1.2-0ubuntu0~18.04.1 finished at Sun, 21 Jul 2024 23:38:36 +0000. Datasource DataSourceNoCloud [seed=/dev/sdb][dsmode=net].  Up 78.62 seconds
[[0;32m  OK  [0m] Stopped Unattended Upgrades Shutdown.
[[0;32m  OK  [0m] Stopped target Host and Network Name Lookups.
         Stopping Authorization Manager...
         Stopping Session 13 of user vagrant.
         Stopping User Manager for UID 1000...
[[0;32m  OK  [0m] Stopped target Graphical Interface.
[[0;32m  OK  [0m] Stopped target Timers.
[[0;32m  OK  [0m] Stopped Ubuntu Advantage Timer for running repeated jobs.
[[0;32m  OK  [0m] Stopped Message of the Day.
         Stopping Accounts Service...
[[0;32m  OK  [0m] Closed Load/Save RF Kill Switch Status /dev/rfkill Watch.
[[0;32m  OK  [0m] Stopped Daily Cleanup of Temporary Directories.
[[0;32m  OK  [0m] Stopped target Cloud-init target.
[[0;32m  OK  [0m] Stopped Execute cloud user/final scripts.
[[0;32m  OK  [0m] Stopped target Multi-User System.
         Stopping irqbalance daemon...
         Stopping Dispatcher daemon for systemd-networkd...
         Stopping LXD - container startup/shutdown...
[[0;32m  OK  [0m] Stopped target Login Prompts.
         Stopping Serial Getty on ttyS0...
         Stopping System Logging Service...
         Stopping Virtualbox guest utils...
         Stopping FUSE filesystem for LXC...
[[0;32m  OK  [0m] Stopped Apply the settings specified in cloud-confi[[0;32m  OK  [0m] Stopped target Cloud-config availability.
         Stopping OpenBSD Secure Shell server...
         Stopping Regular background program processing daemon...
[[0;32m  OK  [0m] Stopped Daily apt upgrade and clean activities.
[[0;32m  OK  [0m] Stopped Daily apt download activities.
[[0;32m  OK  [0m] Stopped target System Time Synchronized.
         Stopping Getty on tty1...
         Stopping LSB: Record successful boot for GRUB...
[[0;32m  OK  [0m] Stopped target Network is Online.
         Stopping Deferred execution scheduler...
[[0;32m  OK  [0m] Unmounted /var/lib/lxcfs.
[[0;32m  OK  [0m] Stopped Deferred execution scheduler.
[[0;32m  OK  [0m] Stopped Regular background program processing daemon.
[[0;32m  OK  [0m] Stopped Dispatcher daemon for systemd-networkd.
[[0;32m  OK  [0m] Stopped irqbalance daemon.
[[0;32m  OK  [0m] Stopped Accounts Service.
[[0;32m  OK  [0m] Stopped System Logging Service.
[[0;32m  OK  [0m] Stopped Serial Getty on ttyS0.
[[0;32m  OK  [0m] Stopped Getty on tty1.
[[0;32m  OK  [0m] Stopped Authorization Manager.
[[0;32m  OK  [0m] Stopped OpenBSD Secure Shell server.
[[0;32m  OK  [0m] Stopped User Manager for UID 1000.
[[0;32m  OK  [0m] Stopped D-Bus System Message Bus.
[[0;32m  OK  [0m] Stopped Session 13 of user vagrant.
[[0;32m  OK  [0m] Removed slice User Slice of vagrant.
         Stopping Login Service...
[[0;32m  OK  [0m] Removed slice system-getty.slice.
[[0;32m  OK  [0m] Removed slice system-serial\x2dgetty.slice.
         Stopping Permit User Sessions...
[[0;32m  OK  [0m] Stopped target Login Prompts (Pre).
[[0;32m  OK  [0m] Stopped LXD - container startup/shutdown.
[[0;32m  OK  [0m] Stopped FUSE filesystem for LXC.
[[0;32m  OK  [0m] Stopped Permit User Sessions.
[[0;32m  OK  [0m] Stopped target Network.
         Stopping Network Name Resolution...
[[0;32m  OK  [0m] Stopped Login Service.
[[0;32m  OK  [0m] Stopped target User and Group Name Lookups.
[[0;32m  OK  [0m] Stopped Network Name Resolution.
         Stopping Network Service...
[[0;32m  OK  [0m] Stopped Availability of block devices.
[[0;32m  OK  [0m] Stopped LSB: Record successful boot for GRUB.
[[0;32m  OK  [0m] Stopped Virtualbox guest utils.
[[0;32m  OK  [0m] Stopped LSB: automatic crash report generation.
[[0;32m  OK  [0m] Stopped target Remote File Systems.
[[0;32m  OK  [0m] Stopped target Remote File Systems (Pre).
[[0;32m  OK  [0m] Stopped target Basic System.
[[0;32m  OK  [0m] Stopped target Sockets.
[[0;32m  OK  [0m] Closed ACPID Listen Socket.
[[0;32m  OK  [0m] Closed D-Bus System Message Bus Socket.
[[0;32m  OK  [0m] Closed UUID daemon activation socket.
[[0;32m  OK  [0m] Closed cloud-init hotplug hook socket.
[[0;32m  OK  [0m] Closed Socket activation for snappy daemon.
[[0;32m  OK  [0m] Closed Syslog Socket.
[[0;32m  OK  [0m] Closed Open-iSCSI iscsid Socket.
[[0;32m  OK  [0m] Closed LXD - unix socket.
[[0;32m  OK  [0m] Stopped target Slices.
[[0;32m  OK  [0m] Removed slice User and Session Slice.
[[0;32m  OK  [0m] Stopped target Paths.
[[0;32m  OK  [0m] Stopped ACPI Events Check.
[[0;32m  OK  [0m] Stopped target System Initialization.
         Stopping Update UTMP about System Boot/Shutdown...
[[0;32m  OK  [0m] Stopped Initial cloud-init job (metadata service crawler).
         Stopping Load/Save Random Seed...
[[0;32m  OK  [0m] Stopped target Local Encrypted Volumes.
[[0;32m  OK  [0m] Stopped Forward Password Requests to Wall Directory Watch.
[[0;32m  OK  [0m] Stopped Commit a transient machine-id on disk.
[[0;32m  OK  [0m] Stopped Dispatch Password Requests to Console Directory Watch.
[[0;32m  OK  [0m] Stopped Network Service.
[[0;32m  OK  [0m] Stopped target Network (Pre).
[[0;32m  OK  [0m] Stopped Initial cloud-init job (pre-networking).
[[0;32m  OK  [0m] Stopped Apply Kernel Variables.
[[0;32m  OK  [0m] Stopped Load Kernel Modules.
[[0;32m  OK  [0m] Stopped Update UTMP about System Boot/Shutdown.
[[0;32m  OK  [0m] Stopped Create Volatile Files and Directories.
[[0;32m  OK  [0m] Stopped target Local File Systems.
         Unmounting /run/user/1000...
[[0;32m  OK  [0m] Stopped target Mounted snaps.
[[0;32m  OK  [0m] Stopped target Mounting snaps.
[[0;32m  OK  [0m] Unmounted /run/user/1000.
[[0;32m  OK  [0m] Stopped Load/Save Random Seed.
[[0;32m  OK  [0m] Reached target Unmount All Filesystems.
[[0;32m  OK  [0m] Stopped target Swap.
[[0;32m  OK  [0m] Stopped target Local File Systems (Pre).
[[0;32m  OK  [0m] Stopped Create Static Device Nodes in /dev.
         Stopping Monitoring of LVM2 mirrors…ng dmeventd or progress polling...
[[0;32m  OK  [0m] Stopped Remount Root and Kernel File Systems.
[[0;32m  OK  [0m] Reached target Shutdown.
[[0;32m  OK  [0m] Reached target Final Step.
         Starting Power-Off...
[14648.786087] reboot: Power down
